This is pdfTeX, Version 3.14159265-2.6-1.40.19 (TeX Live 2018/Arch Linux) (preloaded format=pdflatex 2019.1.24)  28 JAN 2019 19:44
entering extended mode
 restricted \write18 enabled.
 %&-line parsing enabled.
**komplett.tex
(./komplett.tex
LaTeX2e <2018-04-01> patch level 5
(/usr/share/texmf-dist/tex/latex/base/article.cls
Document Class: article 2014/09/29 v1.4h Standard LaTeX document class
(/usr/share/texmf-dist/tex/latex/base/size10.clo
File: size10.clo 2014/09/29 v1.4h Standard LaTeX file (size option)
)
\c@part=\count80
\c@section=\count81
\c@subsection=\count82
\c@subsubsection=\count83
\c@paragraph=\count84
\c@subparagraph=\count85
\c@figure=\count86
\c@table=\count87
\abovecaptionskip=\skip41
\belowcaptionskip=\skip42
\bibindent=\dimen102
)
(/usr/share/texmf-dist/tex/latex/pdfpages/pdfpages.sty
Package: pdfpages 2017/10/31 v0.5l Insert pages of external PDF documents (AM)

(/usr/share/texmf-dist/tex/latex/base/ifthen.sty
Package: ifthen 2014/09/29 v1.1c Standard LaTeX ifthen package (DPC)
)
(/usr/share/texmf-dist/tex/latex/tools/calc.sty
Package: calc 2017/05/25 v4.3 Infix arithmetic (KKT,FJ)
\calc@Acount=\count88
\calc@Bcount=\count89
\calc@Adimen=\dimen103
\calc@Bdimen=\dimen104
\calc@Askip=\skip43
\calc@Bskip=\skip44
LaTeX Info: Redefining \setlength on input line 80.
LaTeX Info: Redefining \addtolength on input line 81.
\calc@Ccount=\count90
\calc@Cskip=\skip45
)
(/usr/share/texmf-dist/tex/latex/eso-pic/eso-pic.sty
Package: eso-pic 2018/04/12 v2.0h eso-pic (RN)

(/usr/share/texmf-dist/tex/generic/oberdiek/atbegshi.sty
Package: atbegshi 2016/06/09 v1.18 At begin shipout hook (HO)

(/usr/share/texmf-dist/tex/generic/oberdiek/infwarerr.sty
Package: infwarerr 2016/05/16 v1.4 Providing info/warning/error messages (HO)
)
(/usr/share/texmf-dist/tex/generic/oberdiek/ltxcmds.sty
Package: ltxcmds 2016/05/16 v1.23 LaTeX kernel commands for general use (HO)
)
(/usr/share/texmf-dist/tex/generic/oberdiek/ifpdf.sty
Package: ifpdf 2018/09/07 v3.3 Provides the ifpdf switch
))
(/usr/share/texmf-dist/tex/latex/graphics/keyval.sty
Package: keyval 2014/10/28 v1.15 key=value parser (DPC)
\KV@toks@=\toks14
)
(/usr/share/texmf-dist/tex/latex/xcolor/xcolor.sty
Package: xcolor 2016/05/11 v2.12 LaTeX color extensions (UK)

(/usr/share/texmf-dist/tex/latex/graphics-cfg/color.cfg
File: color.cfg 2016/01/02 v1.6 sample color configuration
)
Package xcolor Info: Driver file: pdftex.def on input line 225.

(/usr/share/texmf-dist/tex/latex/graphics-def/pdftex.def
File: pdftex.def 2018/01/08 v1.0l Graphics/color driver for pdftex
)
Package xcolor Info: Model `cmy' substituted by `cmy0' on input line 1348.
Package xcolor Info: Model `hsb' substituted by `rgb' on input line 1352.
Package xcolor Info: Model `RGB' extended on input line 1364.
Package xcolor Info: Model `HTML' substituted by `rgb' on input line 1366.
Package xcolor Info: Model `Hsb' substituted by `hsb' on input line 1367.
Package xcolor Info: Model `tHsb' substituted by `hsb' on input line 1368.
Package xcolor Info: Model `HSB' substituted by `hsb' on input line 1369.
Package xcolor Info: Model `Gray' substituted by `gray' on input line 1370.
Package xcolor Info: Model `wave' substituted by `hsb' on input line 1371.
))
(/usr/share/texmf-dist/tex/latex/graphics/graphicx.sty
Package: graphicx 2017/06/01 v1.1a Enhanced LaTeX Graphics (DPC,SPQR)

(/usr/share/texmf-dist/tex/latex/graphics/graphics.sty
Package: graphics 2017/06/25 v1.2c Standard LaTeX Graphics (DPC,SPQR)

(/usr/share/texmf-dist/tex/latex/graphics/trig.sty
Package: trig 2016/01/03 v1.10 sin cos tan (DPC)
)
(/usr/share/texmf-dist/tex/latex/graphics-cfg/graphics.cfg
File: graphics.cfg 2016/06/04 v1.11 sample graphics configuration
)
Package graphics Info: Driver file: pdftex.def on input line 99.
)
\Gin@req@height=\dimen105
\Gin@req@width=\dimen106
)
\AM@pagewidth=\dimen107
\AM@pageheight=\dimen108

(/usr/share/texmf-dist/tex/latex/pdfpages/pppdftex.def
File: pppdftex.def 2017/10/31 v0.5l Pdfpages driver for pdfTeX (AM)
)
\AM@pagebox=\box26
\AM@global@opts=\toks15
\AM@toc@title=\toks16
\c@AM@survey=\count91
\AM@templatesizebox=\box27
) (./komplett.aux)
\openout1 = `komplett.aux'.

LaTeX Font Info:    Checking defaults for OML/cmm/m/it on input line 3.
LaTeX Font Info:    ... okay on input line 3.
LaTeX Font Info:    Checking defaults for T1/cmr/m/n on input line 3.
LaTeX Font Info:    ... okay on input line 3.
LaTeX Font Info:    Checking defaults for OT1/cmr/m/n on input line 3.
LaTeX Font Info:    ... okay on input line 3.
LaTeX Font Info:    Checking defaults for OMS/cmsy/m/n on input line 3.
LaTeX Font Info:    ... okay on input line 3.
LaTeX Font Info:    Checking defaults for OMX/cmex/m/n on input line 3.
LaTeX Font Info:    ... okay on input line 3.
LaTeX Font Info:    Checking defaults for U/cmr/m/n on input line 3.
LaTeX Font Info:    ... okay on input line 3.
\AtBeginShipoutBox=\box28

(/usr/share/texmf-dist/tex/context/base/mkii/supp-pdf.mkii
[Loading MPS to PDF converter (version 2006.09.02).]
\scratchcounter=\count92
\scratchdimen=\dimen109
\scratchbox=\box29
\nofMPsegments=\count93
\nofMParguments=\count94
\everyMPshowfont=\toks17
\MPscratchCnt=\count95
\MPscratchDim=\dimen110
\MPnumerator=\count96
\makeMPintoPDFobject=\count97
\everyMPtoPDFconversion=\toks18
) (/usr/share/texmf-dist/tex/latex/oberdiek/epstopdf-base.sty
Package: epstopdf-base 2016/05/15 v2.6 Base part for package epstopdf

(/usr/share/texmf-dist/tex/latex/oberdiek/grfext.sty
Package: grfext 2016/05/16 v1.2 Manage graphics extensions (HO)

(/usr/share/texmf-dist/tex/generic/oberdiek/kvdefinekeys.sty
Package: kvdefinekeys 2016/05/16 v1.4 Define keys (HO)
))
(/usr/share/texmf-dist/tex/latex/oberdiek/kvoptions.sty
Package: kvoptions 2016/05/16 v3.12 Key value format for package options (HO)

(/usr/share/texmf-dist/tex/generic/oberdiek/kvsetkeys.sty
Package: kvsetkeys 2016/05/16 v1.17 Key value parser (HO)

(/usr/share/texmf-dist/tex/generic/oberdiek/etexcmds.sty
Package: etexcmds 2016/05/16 v1.6 Avoid name clashes with e-TeX commands (HO)

(/usr/share/texmf-dist/tex/generic/oberdiek/ifluatex.sty
Package: ifluatex 2016/05/16 v1.4 Provides the ifluatex switch (HO)
Package ifluatex Info: LuaTeX not detected.
)
Package etexcmds Info: Could not find \expanded.
(etexcmds)             That can mean that you are not using pdfTeX 1.50 or
(etexcmds)             that some package has redefined \expanded.
(etexcmds)             In the latter case, load this package earlier.
)))
(/usr/share/texmf-dist/tex/generic/oberdiek/pdftexcmds.sty
Package: pdftexcmds 2018/09/10 v0.29 Utility functions of pdfTeX for LuaTeX (HO
)
Package pdftexcmds Info: LuaTeX not detected.
Package pdftexcmds Info: \pdf@primitive is available.
Package pdftexcmds Info: \pdf@ifprimitive is available.
Package pdftexcmds Info: \pdfdraftmode found.
)
Package epstopdf-base Info: Redefining graphics rule for `.eps' on input line 4
38.
Package grfext Info: Graphics extension search list:
(grfext)             [.pdf,.png,.jpg,.mps,.jpeg,.jbig2,.jb2,.PDF,.PNG,.JPG,.JPE
G,.JBIG2,.JB2,.eps]
(grfext)             \AppendGraphicsExtensions on input line 456.

(/usr/share/texmf-dist/tex/latex/latexconfig/epstopdf-sys.cfg
File: epstopdf-sys.cfg 2010/07/13 v1.3 Configuration of (r)epstopdf for TeX Liv
e
))
(/usr/share/texmf-dist/tex/latex/oberdiek/pdflscape.sty
Package: pdflscape 2016/05/14 v0.11 Display of landscape pages in PDF (HO)

(/usr/share/texmf-dist/tex/latex/graphics/lscape.sty
Package: lscape 2000/10/22 v3.01 Landscape Pages (DPC)
)
Package pdflscape Info: Auto-detected driver: pdftex on input line 81.

(/usr/share/texmf-dist/tex/generic/ifxetex/ifxetex.sty
Package: ifxetex 2010/09/12 v0.6 Provides ifxetex conditional
))
<kap1.pdf, id=1, 597.23125pt x 845.1575pt>
File: kap1.pdf Graphic file (type pdf)
<use kap1.pdf>
Package pdftex.def Info: kap1.pdf  used on input line 4.
(pdftex.def)             Requested size: 597.22978pt x 845.15544pt.
File: kap1.pdf Graphic file (type pdf)
<use kap1.pdf>
Package pdftex.def Info: kap1.pdf  used on input line 4.
(pdftex.def)             Requested size: 597.22978pt x 845.15544pt.
<kap1.pdf, id=4, page=1, 597.23125pt x 845.1575pt>
File: kap1.pdf Graphic file (type pdf)
<use kap1.pdf, page 1>
Package pdftex.def Info: kap1.pdf , page1 used on input line 4.
(pdftex.def)             Requested size: 597.22978pt x 845.15544pt.
File: kap1.pdf Graphic file (type pdf)
<use kap1.pdf, page 1>
Package pdftex.def Info: kap1.pdf , page1 used on input line 4.
(pdftex.def)             Requested size: 397.63678pt x 562.70618pt.
File: kap1.pdf Graphic file (type pdf)
<use kap1.pdf, page 1>
Package pdftex.def Info: kap1.pdf , page1 used on input line 4.
(pdftex.def)             Requested size: 397.63678pt x 562.70618pt.
File: kap1.pdf Graphic file (type pdf)
<use kap1.pdf, page 1>
Package pdftex.def Info: kap1.pdf , page1 used on input line 4.
(pdftex.def)             Requested size: 397.63678pt x 562.70618pt.
<kap1.pdf, id=5, page=2, 597.23125pt x 845.1575pt>
File: kap1.pdf Graphic file (type pdf)
<use kap1.pdf, page 2>
Package pdftex.def Info: kap1.pdf , page2 used on input line 4.
(pdftex.def)             Requested size: 397.63678pt x 562.70618pt.
File: kap1.pdf Graphic file (type pdf)
<use kap1.pdf, page 2>
Package pdftex.def Info: kap1.pdf , page2 used on input line 4.
(pdftex.def)             Requested size: 397.63678pt x 562.70618pt.
File: kap1.pdf Graphic file (type pdf)
<use kap1.pdf, page 1>
Package pdftex.def Info: kap1.pdf , page1 used on input line 4.
(pdftex.def)             Requested size: 397.63678pt x 562.70618pt.
File: kap1.pdf Graphic file (type pdf)
<use kap1.pdf, page 2>
Package pdftex.def Info: kap1.pdf , page2 used on input line 4.
(pdftex.def)             Requested size: 397.63678pt x 562.70618pt.
 [1

 <./kap1.pdf{/var/lib/texmf/fonts/map/pdftex/updmap/pdftex.map}> <./kap1.pdf>]
<kap1.pdf, id=38, page=3, 597.23125pt x 845.1575pt>
File: kap1.pdf Graphic file (type pdf)
<use kap1.pdf, page 3>
Package pdftex.def Info: kap1.pdf , page3 used on input line 4.
(pdftex.def)             Requested size: 397.63678pt x 562.70618pt.
File: kap1.pdf Graphic file (type pdf)
<use kap1.pdf, page 3>
Package pdftex.def Info: kap1.pdf , page3 used on input line 4.
(pdftex.def)             Requested size: 397.63678pt x 562.70618pt.
<kap1.pdf, id=39, page=4, 597.23125pt x 845.1575pt>
File: kap1.pdf Graphic file (type pdf)
<use kap1.pdf, page 4>
Package pdftex.def Info: kap1.pdf , page4 used on input line 4.
(pdftex.def)             Requested size: 397.63678pt x 562.70618pt.
File: kap1.pdf Graphic file (type pdf)
<use kap1.pdf, page 4>
Package pdftex.def Info: kap1.pdf , page4 used on input line 4.
(pdftex.def)             Requested size: 397.63678pt x 562.70618pt.
File: kap1.pdf Graphic file (type pdf)
<use kap1.pdf, page 3>
Package pdftex.def Info: kap1.pdf , page3 used on input line 4.
(pdftex.def)             Requested size: 397.63678pt x 562.70618pt.
File: kap1.pdf Graphic file (type pdf)
<use kap1.pdf, page 4>
Package pdftex.def Info: kap1.pdf , page4 used on input line 4.
(pdftex.def)             Requested size: 397.63678pt x 562.70618pt.
 [2 <./kap1.pdf> <./kap1.pdf>]
<kap1.pdf, id=64, page=5, 597.23125pt x 845.1575pt>
File: kap1.pdf Graphic file (type pdf)
<use kap1.pdf, page 5>
Package pdftex.def Info: kap1.pdf , page5 used on input line 4.
(pdftex.def)             Requested size: 397.63678pt x 562.70618pt.
File: kap1.pdf Graphic file (type pdf)
<use kap1.pdf, page 5>
Package pdftex.def Info: kap1.pdf , page5 used on input line 4.
(pdftex.def)             Requested size: 397.63678pt x 562.70618pt.
<kap1.pdf, id=65, page=6, 597.23125pt x 845.1575pt>
File: kap1.pdf Graphic file (type pdf)
<use kap1.pdf, page 6>
Package pdftex.def Info: kap1.pdf , page6 used on input line 4.
(pdftex.def)             Requested size: 397.63678pt x 562.70618pt.
File: kap1.pdf Graphic file (type pdf)
<use kap1.pdf, page 6>
Package pdftex.def Info: kap1.pdf , page6 used on input line 4.
(pdftex.def)             Requested size: 397.63678pt x 562.70618pt.
File: kap1.pdf Graphic file (type pdf)
<use kap1.pdf, page 5>
Package pdftex.def Info: kap1.pdf , page5 used on input line 4.
(pdftex.def)             Requested size: 397.63678pt x 562.70618pt.
File: kap1.pdf Graphic file (type pdf)
<use kap1.pdf, page 6>
Package pdftex.def Info: kap1.pdf , page6 used on input line 4.
(pdftex.def)             Requested size: 397.63678pt x 562.70618pt.
 [3 <./kap1.pdf> <./kap1.pdf>]
<kap1.pdf, id=82, page=7, 597.23125pt x 845.1575pt>
File: kap1.pdf Graphic file (type pdf)
<use kap1.pdf, page 7>
Package pdftex.def Info: kap1.pdf , page7 used on input line 4.
(pdftex.def)             Requested size: 397.63678pt x 562.70618pt.
File: kap1.pdf Graphic file (type pdf)
<use kap1.pdf, page 7>
Package pdftex.def Info: kap1.pdf , page7 used on input line 4.
(pdftex.def)             Requested size: 397.63678pt x 562.70618pt.
<kap1.pdf, id=83, page=8, 597.23125pt x 845.1575pt>
File: kap1.pdf Graphic file (type pdf)
<use kap1.pdf, page 8>
Package pdftex.def Info: kap1.pdf , page8 used on input line 4.
(pdftex.def)             Requested size: 397.63678pt x 562.70618pt.
File: kap1.pdf Graphic file (type pdf)
<use kap1.pdf, page 8>
Package pdftex.def Info: kap1.pdf , page8 used on input line 4.
(pdftex.def)             Requested size: 397.63678pt x 562.70618pt.
File: kap1.pdf Graphic file (type pdf)
<use kap1.pdf, page 7>
Package pdftex.def Info: kap1.pdf , page7 used on input line 4.
(pdftex.def)             Requested size: 397.63678pt x 562.70618pt.
File: kap1.pdf Graphic file (type pdf)
<use kap1.pdf, page 8>
Package pdftex.def Info: kap1.pdf , page8 used on input line 4.
(pdftex.def)             Requested size: 397.63678pt x 562.70618pt.
 [4 <./kap1.pdf> <./kap1.pdf>]
<kap1.pdf, id=87, page=9, 597.23125pt x 845.1575pt>
File: kap1.pdf Graphic file (type pdf)
<use kap1.pdf, page 9>
Package pdftex.def Info: kap1.pdf , page9 used on input line 4.
(pdftex.def)             Requested size: 397.63678pt x 562.70618pt.
File: kap1.pdf Graphic file (type pdf)
<use kap1.pdf, page 9>
Package pdftex.def Info: kap1.pdf , page9 used on input line 4.
(pdftex.def)             Requested size: 397.63678pt x 562.70618pt.
<kap1.pdf, id=88, page=10, 597.23125pt x 845.1575pt>
File: kap1.pdf Graphic file (type pdf)
<use kap1.pdf, page 10>
Package pdftex.def Info: kap1.pdf , page10 used on input line 4.
(pdftex.def)             Requested size: 397.63678pt x 562.70618pt.
File: kap1.pdf Graphic file (type pdf)
<use kap1.pdf, page 10>
Package pdftex.def Info: kap1.pdf , page10 used on input line 4.
(pdftex.def)             Requested size: 397.63678pt x 562.70618pt.
File: kap1.pdf Graphic file (type pdf)
<use kap1.pdf, page 9>
Package pdftex.def Info: kap1.pdf , page9 used on input line 4.
(pdftex.def)             Requested size: 397.63678pt x 562.70618pt.
File: kap1.pdf Graphic file (type pdf)
<use kap1.pdf, page 10>
Package pdftex.def Info: kap1.pdf , page10 used on input line 4.
(pdftex.def)             Requested size: 397.63678pt x 562.70618pt.
 [5 <./kap1.pdf> <./kap1.pdf>]
<kap2.pdf, id=92, 597.23125pt x 845.1575pt>
File: kap2.pdf Graphic file (type pdf)
<use kap2.pdf>
Package pdftex.def Info: kap2.pdf  used on input line 5.
(pdftex.def)             Requested size: 597.22978pt x 845.15544pt.
File: kap2.pdf Graphic file (type pdf)
<use kap2.pdf>
Package pdftex.def Info: kap2.pdf  used on input line 5.
(pdftex.def)             Requested size: 597.22978pt x 845.15544pt.
<kap2.pdf, id=95, page=1, 597.23125pt x 845.1575pt>
File: kap2.pdf Graphic file (type pdf)
<use kap2.pdf, page 1>
Package pdftex.def Info: kap2.pdf , page1 used on input line 5.
(pdftex.def)             Requested size: 597.22978pt x 845.15544pt.
File: kap2.pdf Graphic file (type pdf)
<use kap2.pdf, page 1>
Package pdftex.def Info: kap2.pdf , page1 used on input line 5.
(pdftex.def)             Requested size: 397.63678pt x 562.70618pt.
File: kap2.pdf Graphic file (type pdf)
<use kap2.pdf, page 1>
Package pdftex.def Info: kap2.pdf , page1 used on input line 5.
(pdftex.def)             Requested size: 397.63678pt x 562.70618pt.
File: kap2.pdf Graphic file (type pdf)
<use kap2.pdf, page 1>
Package pdftex.def Info: kap2.pdf , page1 used on input line 5.
(pdftex.def)             Requested size: 397.63678pt x 562.70618pt.
<kap2.pdf, id=96, page=2, 597.23125pt x 845.1575pt>
File: kap2.pdf Graphic file (type pdf)
<use kap2.pdf, page 2>
Package pdftex.def Info: kap2.pdf , page2 used on input line 5.
(pdftex.def)             Requested size: 397.63678pt x 562.70618pt.
File: kap2.pdf Graphic file (type pdf)
<use kap2.pdf, page 2>
Package pdftex.def Info: kap2.pdf , page2 used on input line 5.
(pdftex.def)             Requested size: 397.63678pt x 562.70618pt.
File: kap2.pdf Graphic file (type pdf)
<use kap2.pdf, page 1>
Package pdftex.def Info: kap2.pdf , page1 used on input line 5.
(pdftex.def)             Requested size: 397.63678pt x 562.70618pt.
File: kap2.pdf Graphic file (type pdf)
<use kap2.pdf, page 2>
Package pdftex.def Info: kap2.pdf , page2 used on input line 5.
(pdftex.def)             Requested size: 397.63678pt x 562.70618pt.
 [6 <./kap2.pdf> <./kap2.pdf>]
<kap2.pdf, id=130, page=3, 597.23125pt x 845.1575pt>
File: kap2.pdf Graphic file (type pdf)
<use kap2.pdf, page 3>
Package pdftex.def Info: kap2.pdf , page3 used on input line 5.
(pdftex.def)             Requested size: 397.63678pt x 562.70618pt.
File: kap2.pdf Graphic file (type pdf)
<use kap2.pdf, page 3>
Package pdftex.def Info: kap2.pdf , page3 used on input line 5.
(pdftex.def)             Requested size: 397.63678pt x 562.70618pt.
<kap2.pdf, id=131, page=4, 597.23125pt x 845.1575pt>
File: kap2.pdf Graphic file (type pdf)
<use kap2.pdf, page 4>
Package pdftex.def Info: kap2.pdf , page4 used on input line 5.
(pdftex.def)             Requested size: 397.63678pt x 562.70618pt.
File: kap2.pdf Graphic file (type pdf)
<use kap2.pdf, page 4>
Package pdftex.def Info: kap2.pdf , page4 used on input line 5.
(pdftex.def)             Requested size: 397.63678pt x 562.70618pt.
File: kap2.pdf Graphic file (type pdf)
<use kap2.pdf, page 3>
Package pdftex.def Info: kap2.pdf , page3 used on input line 5.
(pdftex.def)             Requested size: 397.63678pt x 562.70618pt.
File: kap2.pdf Graphic file (type pdf)
<use kap2.pdf, page 4>
Package pdftex.def Info: kap2.pdf , page4 used on input line 5.
(pdftex.def)             Requested size: 397.63678pt x 562.70618pt.
 [7 <./kap2.pdf> <./kap2.pdf>]
<kap2.pdf, id=136, page=5, 597.23125pt x 845.1575pt>
File: kap2.pdf Graphic file (type pdf)
<use kap2.pdf, page 5>
Package pdftex.def Info: kap2.pdf , page5 used on input line 5.
(pdftex.def)             Requested size: 397.63678pt x 562.70618pt.
File: kap2.pdf Graphic file (type pdf)
<use kap2.pdf, page 5>
Package pdftex.def Info: kap2.pdf , page5 used on input line 5.
(pdftex.def)             Requested size: 397.63678pt x 562.70618pt.
<kap2.pdf, id=137, page=6, 597.23125pt x 845.1575pt>
File: kap2.pdf Graphic file (type pdf)
<use kap2.pdf, page 6>
Package pdftex.def Info: kap2.pdf , page6 used on input line 5.
(pdftex.def)             Requested size: 397.63678pt x 562.70618pt.
File: kap2.pdf Graphic file (type pdf)
<use kap2.pdf, page 6>
Package pdftex.def Info: kap2.pdf , page6 used on input line 5.
(pdftex.def)             Requested size: 397.63678pt x 562.70618pt.
File: kap2.pdf Graphic file (type pdf)
<use kap2.pdf, page 5>
Package pdftex.def Info: kap2.pdf , page5 used on input line 5.
(pdftex.def)             Requested size: 397.63678pt x 562.70618pt.
File: kap2.pdf Graphic file (type pdf)
<use kap2.pdf, page 6>
Package pdftex.def Info: kap2.pdf , page6 used on input line 5.
(pdftex.def)             Requested size: 397.63678pt x 562.70618pt.
 [8 <./kap2.pdf> <./kap2.pdf>]
<kap2.pdf, id=141, page=7, 597.23125pt x 845.1575pt>
File: kap2.pdf Graphic file (type pdf)
<use kap2.pdf, page 7>
Package pdftex.def Info: kap2.pdf , page7 used on input line 5.
(pdftex.def)             Requested size: 397.63678pt x 562.70618pt.
File: kap2.pdf Graphic file (type pdf)
<use kap2.pdf, page 7>
Package pdftex.def Info: kap2.pdf , page7 used on input line 5.
(pdftex.def)             Requested size: 397.63678pt x 562.70618pt.
<kap2.pdf, id=142, page=8, 597.23125pt x 845.1575pt>
File: kap2.pdf Graphic file (type pdf)
<use kap2.pdf, page 8>
Package pdftex.def Info: kap2.pdf , page8 used on input line 5.
(pdftex.def)             Requested size: 397.63678pt x 562.70618pt.
File: kap2.pdf Graphic file (type pdf)
<use kap2.pdf, page 8>
Package pdftex.def Info: kap2.pdf , page8 used on input line 5.
(pdftex.def)             Requested size: 397.63678pt x 562.70618pt.
File: kap2.pdf Graphic file (type pdf)
<use kap2.pdf, page 7>
Package pdftex.def Info: kap2.pdf , page7 used on input line 5.
(pdftex.def)             Requested size: 397.63678pt x 562.70618pt.
File: kap2.pdf Graphic file (type pdf)
<use kap2.pdf, page 8>
Package pdftex.def Info: kap2.pdf , page8 used on input line 5.
(pdftex.def)             Requested size: 397.63678pt x 562.70618pt.
 [9 <./kap2.pdf> <./kap2.pdf>]
<kap2.pdf, id=146, page=9, 597.23125pt x 845.1575pt>
File: kap2.pdf Graphic file (type pdf)
<use kap2.pdf, page 9>
Package pdftex.def Info: kap2.pdf , page9 used on input line 5.
(pdftex.def)             Requested size: 397.63678pt x 562.70618pt.
File: kap2.pdf Graphic file (type pdf)
<use kap2.pdf, page 9>
Package pdftex.def Info: kap2.pdf , page9 used on input line 5.
(pdftex.def)             Requested size: 397.63678pt x 562.70618pt.
<kap2.pdf, id=147, page=10, 597.23125pt x 845.1575pt>
File: kap2.pdf Graphic file (type pdf)
<use kap2.pdf, page 10>
Package pdftex.def Info: kap2.pdf , page10 used on input line 5.
(pdftex.def)             Requested size: 397.63678pt x 562.70618pt.
File: kap2.pdf Graphic file (type pdf)
<use kap2.pdf, page 10>
Package pdftex.def Info: kap2.pdf , page10 used on input line 5.
(pdftex.def)             Requested size: 397.63678pt x 562.70618pt.
File: kap2.pdf Graphic file (type pdf)
<use kap2.pdf, page 9>
Package pdftex.def Info: kap2.pdf , page9 used on input line 5.
(pdftex.def)             Requested size: 397.63678pt x 562.70618pt.
File: kap2.pdf Graphic file (type pdf)
<use kap2.pdf, page 10>
Package pdftex.def Info: kap2.pdf , page10 used on input line 5.
(pdftex.def)             Requested size: 397.63678pt x 562.70618pt.
 [10 <./kap2.pdf> <./kap2.pdf>]
<kap3.pdf, id=151, 597.23125pt x 845.1575pt>
File: kap3.pdf Graphic file (type pdf)
<use kap3.pdf>
Package pdftex.def Info: kap3.pdf  used on input line 6.
(pdftex.def)             Requested size: 597.22978pt x 845.15544pt.
File: kap3.pdf Graphic file (type pdf)
<use kap3.pdf>
Package pdftex.def Info: kap3.pdf  used on input line 6.
(pdftex.def)             Requested size: 597.22978pt x 845.15544pt.
<kap3.pdf, id=154, page=1, 597.23125pt x 845.1575pt>
File: kap3.pdf Graphic file (type pdf)
<use kap3.pdf, page 1>
Package pdftex.def Info: kap3.pdf , page1 used on input line 6.
(pdftex.def)             Requested size: 597.22978pt x 845.15544pt.
File: kap3.pdf Graphic file (type pdf)
<use kap3.pdf, page 1>
Package pdftex.def Info: kap3.pdf , page1 used on input line 6.
(pdftex.def)             Requested size: 397.63678pt x 562.70618pt.
File: kap3.pdf Graphic file (type pdf)
<use kap3.pdf, page 1>
Package pdftex.def Info: kap3.pdf , page1 used on input line 6.
(pdftex.def)             Requested size: 397.63678pt x 562.70618pt.
File: kap3.pdf Graphic file (type pdf)
<use kap3.pdf, page 1>
Package pdftex.def Info: kap3.pdf , page1 used on input line 6.
(pdftex.def)             Requested size: 397.63678pt x 562.70618pt.
<kap3.pdf, id=155, page=2, 597.23125pt x 845.1575pt>
File: kap3.pdf Graphic file (type pdf)
<use kap3.pdf, page 2>
Package pdftex.def Info: kap3.pdf , page2 used on input line 6.
(pdftex.def)             Requested size: 397.63678pt x 562.70618pt.
File: kap3.pdf Graphic file (type pdf)
<use kap3.pdf, page 2>
Package pdftex.def Info: kap3.pdf , page2 used on input line 6.
(pdftex.def)             Requested size: 397.63678pt x 562.70618pt.
File: kap3.pdf Graphic file (type pdf)
<use kap3.pdf, page 1>
Package pdftex.def Info: kap3.pdf , page1 used on input line 6.
(pdftex.def)             Requested size: 397.63678pt x 562.70618pt.
File: kap3.pdf Graphic file (type pdf)
<use kap3.pdf, page 2>
Package pdftex.def Info: kap3.pdf , page2 used on input line 6.
(pdftex.def)             Requested size: 397.63678pt x 562.70618pt.
 [11 <./kap3.pdf> <./kap3.pdf>]
<kap3.pdf, id=201, page=3, 597.23125pt x 845.1575pt>
File: kap3.pdf Graphic file (type pdf)
<use kap3.pdf, page 3>
Package pdftex.def Info: kap3.pdf , page3 used on input line 6.
(pdftex.def)             Requested size: 397.63678pt x 562.70618pt.
File: kap3.pdf Graphic file (type pdf)
<use kap3.pdf, page 3>
Package pdftex.def Info: kap3.pdf , page3 used on input line 6.
(pdftex.def)             Requested size: 397.63678pt x 562.70618pt.
<kap3.pdf, id=202, page=4, 597.23125pt x 845.1575pt>
File: kap3.pdf Graphic file (type pdf)
<use kap3.pdf, page 4>
Package pdftex.def Info: kap3.pdf , page4 used on input line 6.
(pdftex.def)             Requested size: 397.63678pt x 562.70618pt.
File: kap3.pdf Graphic file (type pdf)
<use kap3.pdf, page 4>
Package pdftex.def Info: kap3.pdf , page4 used on input line 6.
(pdftex.def)             Requested size: 397.63678pt x 562.70618pt.
File: kap3.pdf Graphic file (type pdf)
<use kap3.pdf, page 3>
Package pdftex.def Info: kap3.pdf , page3 used on input line 6.
(pdftex.def)             Requested size: 397.63678pt x 562.70618pt.
File: kap3.pdf Graphic file (type pdf)
<use kap3.pdf, page 4>
Package pdftex.def Info: kap3.pdf , page4 used on input line 6.
(pdftex.def)             Requested size: 397.63678pt x 562.70618pt.
 [12 <./kap3.pdf> <./kap3.pdf>]
<kap3.pdf, id=206, page=5, 597.23125pt x 845.1575pt>
File: kap3.pdf Graphic file (type pdf)
<use kap3.pdf, page 5>
Package pdftex.def Info: kap3.pdf , page5 used on input line 6.
(pdftex.def)             Requested size: 397.63678pt x 562.70618pt.
File: kap3.pdf Graphic file (type pdf)
<use kap3.pdf, page 5>
Package pdftex.def Info: kap3.pdf , page5 used on input line 6.
(pdftex.def)             Requested size: 397.63678pt x 562.70618pt.
<kap3.pdf, id=207, page=6, 597.23125pt x 845.1575pt>
File: kap3.pdf Graphic file (type pdf)
<use kap3.pdf, page 6>
Package pdftex.def Info: kap3.pdf , page6 used on input line 6.
(pdftex.def)             Requested size: 397.63678pt x 562.70618pt.
File: kap3.pdf Graphic file (type pdf)
<use kap3.pdf, page 6>
Package pdftex.def Info: kap3.pdf , page6 used on input line 6.
(pdftex.def)             Requested size: 397.63678pt x 562.70618pt.
File: kap3.pdf Graphic file (type pdf)
<use kap3.pdf, page 5>
Package pdftex.def Info: kap3.pdf , page5 used on input line 6.
(pdftex.def)             Requested size: 397.63678pt x 562.70618pt.
File: kap3.pdf Graphic file (type pdf)
<use kap3.pdf, page 6>
Package pdftex.def Info: kap3.pdf , page6 used on input line 6.
(pdftex.def)             Requested size: 397.63678pt x 562.70618pt.

[13 <./kap3.pdf> <./kap3.pdf>]
<kap3.pdf, id=212, page=7, 597.23125pt x 845.1575pt>
File: kap3.pdf Graphic file (type pdf)
<use kap3.pdf, page 7>
Package pdftex.def Info: kap3.pdf , page7 used on input line 6.
(pdftex.def)             Requested size: 397.63678pt x 562.70618pt.
File: kap3.pdf Graphic file (type pdf)
<use kap3.pdf, page 7>
Package pdftex.def Info: kap3.pdf , page7 used on input line 6.
(pdftex.def)             Requested size: 397.63678pt x 562.70618pt.
<kap3.pdf, id=213, page=8, 597.23125pt x 845.1575pt>
File: kap3.pdf Graphic file (type pdf)
<use kap3.pdf, page 8>
Package pdftex.def Info: kap3.pdf , page8 used on input line 6.
(pdftex.def)             Requested size: 397.63678pt x 562.70618pt.
File: kap3.pdf Graphic file (type pdf)
<use kap3.pdf, page 8>
Package pdftex.def Info: kap3.pdf , page8 used on input line 6.
(pdftex.def)             Requested size: 397.63678pt x 562.70618pt.
File: kap3.pdf Graphic file (type pdf)
<use kap3.pdf, page 7>
Package pdftex.def Info: kap3.pdf , page7 used on input line 6.
(pdftex.def)             Requested size: 397.63678pt x 562.70618pt.
File: kap3.pdf Graphic file (type pdf)
<use kap3.pdf, page 8>
Package pdftex.def Info: kap3.pdf , page8 used on input line 6.
(pdftex.def)             Requested size: 397.63678pt x 562.70618pt.
 [14 <./kap3.pdf> <./kap3.pdf>]
<kap3.pdf, id=221, page=9, 597.23125pt x 845.1575pt>
File: kap3.pdf Graphic file (type pdf)
<use kap3.pdf, page 9>
Package pdftex.def Info: kap3.pdf , page9 used on input line 6.
(pdftex.def)             Requested size: 397.63678pt x 562.70618pt.
File: kap3.pdf Graphic file (type pdf)
<use kap3.pdf, page 9>
Package pdftex.def Info: kap3.pdf , page9 used on input line 6.
(pdftex.def)             Requested size: 397.63678pt x 562.70618pt.
<kap3.pdf, id=222, page=10, 597.23125pt x 845.1575pt>
File: kap3.pdf Graphic file (type pdf)
<use kap3.pdf, page 10>
Package pdftex.def Info: kap3.pdf , page10 used on input line 6.
(pdftex.def)             Requested size: 397.63678pt x 562.70618pt.
File: kap3.pdf Graphic file (type pdf)
<use kap3.pdf, page 10>
Package pdftex.def Info: kap3.pdf , page10 used on input line 6.
(pdftex.def)             Requested size: 397.63678pt x 562.70618pt.
File: kap3.pdf Graphic file (type pdf)
<use kap3.pdf, page 9>
Package pdftex.def Info: kap3.pdf , page9 used on input line 6.
(pdftex.def)             Requested size: 397.63678pt x 562.70618pt.
File: kap3.pdf Graphic file (type pdf)
<use kap3.pdf, page 10>
Package pdftex.def Info: kap3.pdf , page10 used on input line 6.
(pdftex.def)             Requested size: 397.63678pt x 562.70618pt.
 [15 <./kap3.pdf> <./kap3.pdf>]
<kap4.pdf, id=226, 597.23125pt x 845.1575pt>
File: kap4.pdf Graphic file (type pdf)
<use kap4.pdf>
Package pdftex.def Info: kap4.pdf  used on input line 7.
(pdftex.def)             Requested size: 597.22978pt x 845.15544pt.
File: kap4.pdf Graphic file (type pdf)
<use kap4.pdf>
Package pdftex.def Info: kap4.pdf  used on input line 7.
(pdftex.def)             Requested size: 597.22978pt x 845.15544pt.
<kap4.pdf, id=229, page=1, 597.23125pt x 845.1575pt>
File: kap4.pdf Graphic file (type pdf)
<use kap4.pdf, page 1>
Package pdftex.def Info: kap4.pdf , page1 used on input line 7.
(pdftex.def)             Requested size: 597.22978pt x 845.15544pt.
File: kap4.pdf Graphic file (type pdf)
<use kap4.pdf, page 1>
Package pdftex.def Info: kap4.pdf , page1 used on input line 7.
(pdftex.def)             Requested size: 397.63678pt x 562.70618pt.
File: kap4.pdf Graphic file (type pdf)
<use kap4.pdf, page 1>
Package pdftex.def Info: kap4.pdf , page1 used on input line 7.
(pdftex.def)             Requested size: 397.63678pt x 562.70618pt.
File: kap4.pdf Graphic file (type pdf)
<use kap4.pdf, page 1>
Package pdftex.def Info: kap4.pdf , page1 used on input line 7.
(pdftex.def)             Requested size: 397.63678pt x 562.70618pt.
<kap4.pdf, id=230, page=2, 597.23125pt x 845.1575pt>
File: kap4.pdf Graphic file (type pdf)
<use kap4.pdf, page 2>
Package pdftex.def Info: kap4.pdf , page2 used on input line 7.
(pdftex.def)             Requested size: 397.63678pt x 562.70618pt.
File: kap4.pdf Graphic file (type pdf)
<use kap4.pdf, page 2>
Package pdftex.def Info: kap4.pdf , page2 used on input line 7.
(pdftex.def)             Requested size: 397.63678pt x 562.70618pt.
File: kap4.pdf Graphic file (type pdf)
<use kap4.pdf, page 1>
Package pdftex.def Info: kap4.pdf , page1 used on input line 7.
(pdftex.def)             Requested size: 397.63678pt x 562.70618pt.
File: kap4.pdf Graphic file (type pdf)
<use kap4.pdf, page 2>
Package pdftex.def Info: kap4.pdf , page2 used on input line 7.
(pdftex.def)             Requested size: 397.63678pt x 562.70618pt.
 [16 <./kap4.pdf> <./kap4.pdf>]
<kap4.pdf, id=274, page=3, 597.23125pt x 845.1575pt>
File: kap4.pdf Graphic file (type pdf)
<use kap4.pdf, page 3>
Package pdftex.def Info: kap4.pdf , page3 used on input line 7.
(pdftex.def)             Requested size: 397.63678pt x 562.70618pt.
File: kap4.pdf Graphic file (type pdf)
<use kap4.pdf, page 3>
Package pdftex.def Info: kap4.pdf , page3 used on input line 7.
(pdftex.def)             Requested size: 397.63678pt x 562.70618pt.
<kap4.pdf, id=275, page=4, 597.23125pt x 845.1575pt>
File: kap4.pdf Graphic file (type pdf)
<use kap4.pdf, page 4>
Package pdftex.def Info: kap4.pdf , page4 used on input line 7.
(pdftex.def)             Requested size: 397.63678pt x 562.70618pt.
File: kap4.pdf Graphic file (type pdf)
<use kap4.pdf, page 4>
Package pdftex.def Info: kap4.pdf , page4 used on input line 7.
(pdftex.def)             Requested size: 397.63678pt x 562.70618pt.
File: kap4.pdf Graphic file (type pdf)
<use kap4.pdf, page 3>
Package pdftex.def Info: kap4.pdf , page3 used on input line 7.
(pdftex.def)             Requested size: 397.63678pt x 562.70618pt.
File: kap4.pdf Graphic file (type pdf)
<use kap4.pdf, page 4>
Package pdftex.def Info: kap4.pdf , page4 used on input line 7.
(pdftex.def)             Requested size: 397.63678pt x 562.70618pt.
 [17 <./kap4.pdf> <./kap4.pdf>]
<kap4.pdf, id=287, page=5, 597.23125pt x 845.1575pt>
File: kap4.pdf Graphic file (type pdf)
<use kap4.pdf, page 5>
Package pdftex.def Info: kap4.pdf , page5 used on input line 7.
(pdftex.def)             Requested size: 397.63678pt x 562.70618pt.
File: kap4.pdf Graphic file (type pdf)
<use kap4.pdf, page 5>
Package pdftex.def Info: kap4.pdf , page5 used on input line 7.
(pdftex.def)             Requested size: 397.63678pt x 562.70618pt.
<kap4.pdf, id=288, page=6, 597.23125pt x 845.1575pt>
File: kap4.pdf Graphic file (type pdf)
<use kap4.pdf, page 6>
Package pdftex.def Info: kap4.pdf , page6 used on input line 7.
(pdftex.def)             Requested size: 397.63678pt x 562.70618pt.
File: kap4.pdf Graphic file (type pdf)
<use kap4.pdf, page 6>
Package pdftex.def Info: kap4.pdf , page6 used on input line 7.
(pdftex.def)             Requested size: 397.63678pt x 562.70618pt.
File: kap4.pdf Graphic file (type pdf)
<use kap4.pdf, page 5>
Package pdftex.def Info: kap4.pdf , page5 used on input line 7.
(pdftex.def)             Requested size: 397.63678pt x 562.70618pt.
File: kap4.pdf Graphic file (type pdf)
<use kap4.pdf, page 6>
Package pdftex.def Info: kap4.pdf , page6 used on input line 7.
(pdftex.def)             Requested size: 397.63678pt x 562.70618pt.

[18 <./kap4.pdf> <./kap4.pdf>]
<kap4.pdf, id=295, page=7, 597.23125pt x 845.1575pt>
File: kap4.pdf Graphic file (type pdf)
<use kap4.pdf, page 7>
Package pdftex.def Info: kap4.pdf , page7 used on input line 7.
(pdftex.def)             Requested size: 397.63678pt x 562.70618pt.
File: kap4.pdf Graphic file (type pdf)
<use kap4.pdf, page 7>
Package pdftex.def Info: kap4.pdf , page7 used on input line 7.
(pdftex.def)             Requested size: 397.63678pt x 562.70618pt.
<kap4.pdf, id=296, page=8, 597.23125pt x 845.1575pt>
File: kap4.pdf Graphic file (type pdf)
<use kap4.pdf, page 8>
Package pdftex.def Info: kap4.pdf , page8 used on input line 7.
(pdftex.def)             Requested size: 397.63678pt x 562.70618pt.
File: kap4.pdf Graphic file (type pdf)
<use kap4.pdf, page 8>
Package pdftex.def Info: kap4.pdf , page8 used on input line 7.
(pdftex.def)             Requested size: 397.63678pt x 562.70618pt.
File: kap4.pdf Graphic file (type pdf)
<use kap4.pdf, page 7>
Package pdftex.def Info: kap4.pdf , page7 used on input line 7.
(pdftex.def)             Requested size: 397.63678pt x 562.70618pt.
File: kap4.pdf Graphic file (type pdf)
<use kap4.pdf, page 8>
Package pdftex.def Info: kap4.pdf , page8 used on input line 7.
(pdftex.def)             Requested size: 397.63678pt x 562.70618pt.
 [19 <./kap4.pdf> <./kap4.pdf>]
<kap5.pdf, id=301, 597.23125pt x 845.1575pt>
File: kap5.pdf Graphic file (type pdf)
<use kap5.pdf>
Package pdftex.def Info: kap5.pdf  used on input line 8.
(pdftex.def)             Requested size: 597.22978pt x 845.15544pt.
File: kap5.pdf Graphic file (type pdf)
<use kap5.pdf>
Package pdftex.def Info: kap5.pdf  used on input line 8.
(pdftex.def)             Requested size: 597.22978pt x 845.15544pt.
<kap5.pdf, id=304, page=1, 597.23125pt x 845.1575pt>
File: kap5.pdf Graphic file (type pdf)
<use kap5.pdf, page 1>
Package pdftex.def Info: kap5.pdf , page1 used on input line 8.
(pdftex.def)             Requested size: 597.22978pt x 845.15544pt.
File: kap5.pdf Graphic file (type pdf)
<use kap5.pdf, page 1>
Package pdftex.def Info: kap5.pdf , page1 used on input line 8.
(pdftex.def)             Requested size: 397.63678pt x 562.70618pt.
File: kap5.pdf Graphic file (type pdf)
<use kap5.pdf, page 1>
Package pdftex.def Info: kap5.pdf , page1 used on input line 8.
(pdftex.def)             Requested size: 397.63678pt x 562.70618pt.
File: kap5.pdf Graphic file (type pdf)
<use kap5.pdf, page 1>
Package pdftex.def Info: kap5.pdf , page1 used on input line 8.
(pdftex.def)             Requested size: 397.63678pt x 562.70618pt.
<kap5.pdf, id=305, page=2, 597.23125pt x 845.1575pt>
File: kap5.pdf Graphic file (type pdf)
<use kap5.pdf, page 2>
Package pdftex.def Info: kap5.pdf , page2 used on input line 8.
(pdftex.def)             Requested size: 397.63678pt x 562.70618pt.
File: kap5.pdf Graphic file (type pdf)
<use kap5.pdf, page 2>
Package pdftex.def Info: kap5.pdf , page2 used on input line 8.
(pdftex.def)             Requested size: 397.63678pt x 562.70618pt.
File: kap5.pdf Graphic file (type pdf)
<use kap5.pdf, page 1>
Package pdftex.def Info: kap5.pdf , page1 used on input line 8.
(pdftex.def)             Requested size: 397.63678pt x 562.70618pt.
File: kap5.pdf Graphic file (type pdf)
<use kap5.pdf, page 2>
Package pdftex.def Info: kap5.pdf , page2 used on input line 8.
(pdftex.def)             Requested size: 397.63678pt x 562.70618pt.
 [20 <./kap5.pdf> <./kap5.pdf>]
<kap5.pdf, id=350, page=3, 597.23125pt x 845.1575pt>
File: kap5.pdf Graphic file (type pdf)
<use kap5.pdf, page 3>
Package pdftex.def Info: kap5.pdf , page3 used on input line 8.
(pdftex.def)             Requested size: 397.63678pt x 562.70618pt.
File: kap5.pdf Graphic file (type pdf)
<use kap5.pdf, page 3>
Package pdftex.def Info: kap5.pdf , page3 used on input line 8.
(pdftex.def)             Requested size: 397.63678pt x 562.70618pt.
<kap5.pdf, id=351, page=4, 597.23125pt x 845.1575pt>
File: kap5.pdf Graphic file (type pdf)
<use kap5.pdf, page 4>
Package pdftex.def Info: kap5.pdf , page4 used on input line 8.
(pdftex.def)             Requested size: 397.63678pt x 562.70618pt.
File: kap5.pdf Graphic file (type pdf)
<use kap5.pdf, page 4>
Package pdftex.def Info: kap5.pdf , page4 used on input line 8.
(pdftex.def)             Requested size: 397.63678pt x 562.70618pt.
File: kap5.pdf Graphic file (type pdf)
<use kap5.pdf, page 3>
Package pdftex.def Info: kap5.pdf , page3 used on input line 8.
(pdftex.def)             Requested size: 397.63678pt x 562.70618pt.
File: kap5.pdf Graphic file (type pdf)
<use kap5.pdf, page 4>
Package pdftex.def Info: kap5.pdf , page4 used on input line 8.
(pdftex.def)             Requested size: 397.63678pt x 562.70618pt.
 [21 <./kap5.pdf> <./kap5.pdf>]
<kap5.pdf, id=355, page=5, 597.23125pt x 845.1575pt>
File: kap5.pdf Graphic file (type pdf)
<use kap5.pdf, page 5>
Package pdftex.def Info: kap5.pdf , page5 used on input line 8.
(pdftex.def)             Requested size: 397.63678pt x 562.70618pt.
File: kap5.pdf Graphic file (type pdf)
<use kap5.pdf, page 5>
Package pdftex.def Info: kap5.pdf , page5 used on input line 8.
(pdftex.def)             Requested size: 397.63678pt x 562.70618pt.
<kap5.pdf, id=356, page=6, 597.23125pt x 845.1575pt>
File: kap5.pdf Graphic file (type pdf)
<use kap5.pdf, page 6>
Package pdftex.def Info: kap5.pdf , page6 used on input line 8.
(pdftex.def)             Requested size: 397.63678pt x 562.70618pt.
File: kap5.pdf Graphic file (type pdf)
<use kap5.pdf, page 6>
Package pdftex.def Info: kap5.pdf , page6 used on input line 8.
(pdftex.def)             Requested size: 397.63678pt x 562.70618pt.
File: kap5.pdf Graphic file (type pdf)
<use kap5.pdf, page 5>
Package pdftex.def Info: kap5.pdf , page5 used on input line 8.
(pdftex.def)             Requested size: 397.63678pt x 562.70618pt.
File: kap5.pdf Graphic file (type pdf)
<use kap5.pdf, page 6>
Package pdftex.def Info: kap5.pdf , page6 used on input line 8.
(pdftex.def)             Requested size: 397.63678pt x 562.70618pt.
 [22 <./kap5.pdf> <./kap5.pdf>]
<kap5.pdf, id=362, page=7, 597.23125pt x 845.1575pt>
File: kap5.pdf Graphic file (type pdf)
<use kap5.pdf, page 7>
Package pdftex.def Info: kap5.pdf , page7 used on input line 8.
(pdftex.def)             Requested size: 397.63678pt x 562.70618pt.
File: kap5.pdf Graphic file (type pdf)
<use kap5.pdf, page 7>
Package pdftex.def Info: kap5.pdf , page7 used on input line 8.
(pdftex.def)             Requested size: 397.63678pt x 562.70618pt.
File: kap5.pdf Graphic file (type pdf)
<use kap5.pdf, page 1>
Package pdftex.def Info: kap5.pdf , page1 used on input line 8.
(pdftex.def)             Requested size: 397.63678pt x 562.70618pt.
File: kap5.pdf Graphic file (type pdf)
<use kap5.pdf, page 1>
Package pdftex.def Info: kap5.pdf , page1 used on input line 8.
(pdftex.def)             Requested size: 397.63678pt x 562.70618pt.
File: kap5.pdf Graphic file (type pdf)
<use kap5.pdf, page 7>
Package pdftex.def Info: kap5.pdf , page7 used on input line 8.
(pdftex.def)             Requested size: 397.63678pt x 562.70618pt.

[23 <./kap5.pdf>]
<kap6.pdf, id=366, 597.23125pt x 845.1575pt>
File: kap6.pdf Graphic file (type pdf)
<use kap6.pdf>
Package pdftex.def Info: kap6.pdf  used on input line 9.
(pdftex.def)             Requested size: 597.22978pt x 845.15544pt.
File: kap6.pdf Graphic file (type pdf)
<use kap6.pdf>
Package pdftex.def Info: kap6.pdf  used on input line 9.
(pdftex.def)             Requested size: 597.22978pt x 845.15544pt.
<kap6.pdf, id=369, page=1, 597.23125pt x 845.1575pt>
File: kap6.pdf Graphic file (type pdf)
<use kap6.pdf, page 1>
Package pdftex.def Info: kap6.pdf , page1 used on input line 9.
(pdftex.def)             Requested size: 597.22978pt x 845.15544pt.
File: kap6.pdf Graphic file (type pdf)
<use kap6.pdf, page 1>
Package pdftex.def Info: kap6.pdf , page1 used on input line 9.
(pdftex.def)             Requested size: 397.63678pt x 562.70618pt.
File: kap6.pdf Graphic file (type pdf)
<use kap6.pdf, page 1>
Package pdftex.def Info: kap6.pdf , page1 used on input line 9.
(pdftex.def)             Requested size: 397.63678pt x 562.70618pt.
File: kap6.pdf Graphic file (type pdf)
<use kap6.pdf, page 1>
Package pdftex.def Info: kap6.pdf , page1 used on input line 9.
(pdftex.def)             Requested size: 397.63678pt x 562.70618pt.
<kap6.pdf, id=370, page=2, 597.23125pt x 845.1575pt>
File: kap6.pdf Graphic file (type pdf)
<use kap6.pdf, page 2>
Package pdftex.def Info: kap6.pdf , page2 used on input line 9.
(pdftex.def)             Requested size: 397.63678pt x 562.70618pt.
File: kap6.pdf Graphic file (type pdf)
<use kap6.pdf, page 2>
Package pdftex.def Info: kap6.pdf , page2 used on input line 9.
(pdftex.def)             Requested size: 397.63678pt x 562.70618pt.
File: kap6.pdf Graphic file (type pdf)
<use kap6.pdf, page 1>
Package pdftex.def Info: kap6.pdf , page1 used on input line 9.
(pdftex.def)             Requested size: 397.63678pt x 562.70618pt.
File: kap6.pdf Graphic file (type pdf)
<use kap6.pdf, page 2>
Package pdftex.def Info: kap6.pdf , page2 used on input line 9.
(pdftex.def)             Requested size: 397.63678pt x 562.70618pt.
 [24 <./kap6.pdf> <./kap6.pdf>]
<kap6.pdf, id=411, page=3, 597.23125pt x 845.1575pt>
File: kap6.pdf Graphic file (type pdf)
<use kap6.pdf, page 3>
Package pdftex.def Info: kap6.pdf , page3 used on input line 9.
(pdftex.def)             Requested size: 397.63678pt x 562.70618pt.
File: kap6.pdf Graphic file (type pdf)
<use kap6.pdf, page 3>
Package pdftex.def Info: kap6.pdf , page3 used on input line 9.
(pdftex.def)             Requested size: 397.63678pt x 562.70618pt.
<kap6.pdf, id=412, page=4, 597.23125pt x 845.1575pt>
File: kap6.pdf Graphic file (type pdf)
<use kap6.pdf, page 4>
Package pdftex.def Info: kap6.pdf , page4 used on input line 9.
(pdftex.def)             Requested size: 397.63678pt x 562.70618pt.
File: kap6.pdf Graphic file (type pdf)
<use kap6.pdf, page 4>
Package pdftex.def Info: kap6.pdf , page4 used on input line 9.
(pdftex.def)             Requested size: 397.63678pt x 562.70618pt.
File: kap6.pdf Graphic file (type pdf)
<use kap6.pdf, page 3>
Package pdftex.def Info: kap6.pdf , page3 used on input line 9.
(pdftex.def)             Requested size: 397.63678pt x 562.70618pt.
File: kap6.pdf Graphic file (type pdf)
<use kap6.pdf, page 4>
Package pdftex.def Info: kap6.pdf , page4 used on input line 9.
(pdftex.def)             Requested size: 397.63678pt x 562.70618pt.
 [25 <./kap6.pdf> <./kap6.pdf>]
<kap6.pdf, id=417, page=5, 597.23125pt x 845.1575pt>
File: kap6.pdf Graphic file (type pdf)
<use kap6.pdf, page 5>
Package pdftex.def Info: kap6.pdf , page5 used on input line 9.
(pdftex.def)             Requested size: 397.63678pt x 562.70618pt.
File: kap6.pdf Graphic file (type pdf)
<use kap6.pdf, page 5>
Package pdftex.def Info: kap6.pdf , page5 used on input line 9.
(pdftex.def)             Requested size: 397.63678pt x 562.70618pt.
<kap6.pdf, id=418, page=6, 597.23125pt x 845.1575pt>
File: kap6.pdf Graphic file (type pdf)
<use kap6.pdf, page 6>
Package pdftex.def Info: kap6.pdf , page6 used on input line 9.
(pdftex.def)             Requested size: 397.63678pt x 562.70618pt.
File: kap6.pdf Graphic file (type pdf)
<use kap6.pdf, page 6>
Package pdftex.def Info: kap6.pdf , page6 used on input line 9.
(pdftex.def)             Requested size: 397.63678pt x 562.70618pt.
File: kap6.pdf Graphic file (type pdf)
<use kap6.pdf, page 5>
Package pdftex.def Info: kap6.pdf , page5 used on input line 9.
(pdftex.def)             Requested size: 397.63678pt x 562.70618pt.
File: kap6.pdf Graphic file (type pdf)
<use kap6.pdf, page 6>
Package pdftex.def Info: kap6.pdf , page6 used on input line 9.
(pdftex.def)             Requested size: 397.63678pt x 562.70618pt.
[26 <./kap6.pdf> <./kap6.pdf>]
<kap6.pdf, id=424, page=7, 597.23125pt x 845.1575pt>
File: kap6.pdf Graphic file (type pdf)
<use kap6.pdf, page 7>
Package pdftex.def Info: kap6.pdf , page7 used on input line 9.
(pdftex.def)             Requested size: 397.63678pt x 562.70618pt.
File: kap6.pdf Graphic file (type pdf)
<use kap6.pdf, page 7>
Package pdftex.def Info: kap6.pdf , page7 used on input line 9.
(pdftex.def)             Requested size: 397.63678pt x 562.70618pt.
File: kap6.pdf Graphic file (type pdf)
<use kap6.pdf, page 1>
Package pdftex.def Info: kap6.pdf , page1 used on input line 9.
(pdftex.def)             Requested size: 397.63678pt x 562.70618pt.
File: kap6.pdf Graphic file (type pdf)
<use kap6.pdf, page 1>
Package pdftex.def Info: kap6.pdf , page1 used on input line 9.
(pdftex.def)             Requested size: 397.63678pt x 562.70618pt.
File: kap6.pdf Graphic file (type pdf)
<use kap6.pdf, page 7>
Package pdftex.def Info: kap6.pdf , page7 used on input line 9.
(pdftex.def)             Requested size: 397.63678pt x 562.70618pt.
 [27 <./kap6.pdf>]
<kap7.pdf, id=428, 597.23125pt x 845.1575pt>
File: kap7.pdf Graphic file (type pdf)
<use kap7.pdf>
Package pdftex.def Info: kap7.pdf  used on input line 10.
(pdftex.def)             Requested size: 597.22978pt x 845.15544pt.
File: kap7.pdf Graphic file (type pdf)
<use kap7.pdf>
Package pdftex.def Info: kap7.pdf  used on input line 10.
(pdftex.def)             Requested size: 597.22978pt x 845.15544pt.
<kap7.pdf, id=431, page=1, 597.23125pt x 845.1575pt>
File: kap7.pdf Graphic file (type pdf)
<use kap7.pdf, page 1>
Package pdftex.def Info: kap7.pdf , page1 used on input line 10.
(pdftex.def)             Requested size: 597.22978pt x 845.15544pt.
File: kap7.pdf Graphic file (type pdf)
<use kap7.pdf, page 1>
Package pdftex.def Info: kap7.pdf , page1 used on input line 10.
(pdftex.def)             Requested size: 397.63678pt x 562.70618pt.
File: kap7.pdf Graphic file (type pdf)
<use kap7.pdf, page 1>
Package pdftex.def Info: kap7.pdf , page1 used on input line 10.
(pdftex.def)             Requested size: 397.63678pt x 562.70618pt.
File: kap7.pdf Graphic file (type pdf)
<use kap7.pdf, page 1>
Package pdftex.def Info: kap7.pdf , page1 used on input line 10.
(pdftex.def)             Requested size: 397.63678pt x 562.70618pt.
<kap7.pdf, id=432, page=2, 597.23125pt x 845.1575pt>
File: kap7.pdf Graphic file (type pdf)
<use kap7.pdf, page 2>
Package pdftex.def Info: kap7.pdf , page2 used on input line 10.
(pdftex.def)             Requested size: 397.63678pt x 562.70618pt.
File: kap7.pdf Graphic file (type pdf)
<use kap7.pdf, page 2>
Package pdftex.def Info: kap7.pdf , page2 used on input line 10.
(pdftex.def)             Requested size: 397.63678pt x 562.70618pt.
File: kap7.pdf Graphic file (type pdf)
<use kap7.pdf, page 1>
Package pdftex.def Info: kap7.pdf , page1 used on input line 10.
(pdftex.def)             Requested size: 397.63678pt x 562.70618pt.
File: kap7.pdf Graphic file (type pdf)
<use kap7.pdf, page 2>
Package pdftex.def Info: kap7.pdf , page2 used on input line 10.
(pdftex.def)             Requested size: 397.63678pt x 562.70618pt.
 [28 <./kap7.pdf> <./kap7.pdf>]
<kap7.pdf, id=474, page=3, 597.23125pt x 845.1575pt>
File: kap7.pdf Graphic file (type pdf)
<use kap7.pdf, page 3>
Package pdftex.def Info: kap7.pdf , page3 used on input line 10.
(pdftex.def)             Requested size: 397.63678pt x 562.70618pt.
File: kap7.pdf Graphic file (type pdf)
<use kap7.pdf, page 3>
Package pdftex.def Info: kap7.pdf , page3 used on input line 10.
(pdftex.def)             Requested size: 397.63678pt x 562.70618pt.
<kap7.pdf, id=475, page=4, 597.23125pt x 845.1575pt>
File: kap7.pdf Graphic file (type pdf)
<use kap7.pdf, page 4>
Package pdftex.def Info: kap7.pdf , page4 used on input line 10.
(pdftex.def)             Requested size: 397.63678pt x 562.70618pt.
File: kap7.pdf Graphic file (type pdf)
<use kap7.pdf, page 4>
Package pdftex.def Info: kap7.pdf , page4 used on input line 10.
(pdftex.def)             Requested size: 397.63678pt x 562.70618pt.
File: kap7.pdf Graphic file (type pdf)
<use kap7.pdf, page 3>
Package pdftex.def Info: kap7.pdf , page3 used on input line 10.
(pdftex.def)             Requested size: 397.63678pt x 562.70618pt.
File: kap7.pdf Graphic file (type pdf)
<use kap7.pdf, page 4>
Package pdftex.def Info: kap7.pdf , page4 used on input line 10.
(pdftex.def)             Requested size: 397.63678pt x 562.70618pt.
[29 <./kap7.pdf> <./kap7.pdf>]
<kap7.pdf, id=479, page=5, 597.23125pt x 845.1575pt>
File: kap7.pdf Graphic file (type pdf)
<use kap7.pdf, page 5>
Package pdftex.def Info: kap7.pdf , page5 used on input line 10.
(pdftex.def)             Requested size: 397.63678pt x 562.70618pt.
File: kap7.pdf Graphic file (type pdf)
<use kap7.pdf, page 5>
Package pdftex.def Info: kap7.pdf , page5 used on input line 10.
(pdftex.def)             Requested size: 397.63678pt x 562.70618pt.
<kap7.pdf, id=480, page=6, 597.23125pt x 845.1575pt>
File: kap7.pdf Graphic file (type pdf)
<use kap7.pdf, page 6>
Package pdftex.def Info: kap7.pdf , page6 used on input line 10.
(pdftex.def)             Requested size: 397.63678pt x 562.70618pt.
File: kap7.pdf Graphic file (type pdf)
<use kap7.pdf, page 6>
Package pdftex.def Info: kap7.pdf , page6 used on input line 10.
(pdftex.def)             Requested size: 397.63678pt x 562.70618pt.
File: kap7.pdf Graphic file (type pdf)
<use kap7.pdf, page 5>
Package pdftex.def Info: kap7.pdf , page5 used on input line 10.
(pdftex.def)             Requested size: 397.63678pt x 562.70618pt.
File: kap7.pdf Graphic file (type pdf)
<use kap7.pdf, page 6>
Package pdftex.def Info: kap7.pdf , page6 used on input line 10.
(pdftex.def)             Requested size: 397.63678pt x 562.70618pt.
 [30 <./kap7.pdf> <./kap7.pdf>]
<kap7.pdf, id=484, page=7, 597.23125pt x 845.1575pt>
File: kap7.pdf Graphic file (type pdf)
<use kap7.pdf, page 7>
Package pdftex.def Info: kap7.pdf , page7 used on input line 10.
(pdftex.def)             Requested size: 397.63678pt x 562.70618pt.
File: kap7.pdf Graphic file (type pdf)
<use kap7.pdf, page 7>
Package pdftex.def Info: kap7.pdf , page7 used on input line 10.
(pdftex.def)             Requested size: 397.63678pt x 562.70618pt.
<kap7.pdf, id=485, page=8, 597.23125pt x 845.1575pt>
File: kap7.pdf Graphic file (type pdf)
<use kap7.pdf, page 8>
Package pdftex.def Info: kap7.pdf , page8 used on input line 10.
(pdftex.def)             Requested size: 397.63678pt x 562.70618pt.
File: kap7.pdf Graphic file (type pdf)
<use kap7.pdf, page 8>
Package pdftex.def Info: kap7.pdf , page8 used on input line 10.
(pdftex.def)             Requested size: 397.63678pt x 562.70618pt.
File: kap7.pdf Graphic file (type pdf)
<use kap7.pdf, page 7>
Package pdftex.def Info: kap7.pdf , page7 used on input line 10.
(pdftex.def)             Requested size: 397.63678pt x 562.70618pt.
File: kap7.pdf Graphic file (type pdf)
<use kap7.pdf, page 8>
Package pdftex.def Info: kap7.pdf , page8 used on input line 10.
(pdftex.def)             Requested size: 397.63678pt x 562.70618pt.
 [31 <./kap7.pdf> <./kap7.pdf>]
<kap7.pdf, id=499, page=9, 597.23125pt x 845.1575pt>
File: kap7.pdf Graphic file (type pdf)
<use kap7.pdf, page 9>
Package pdftex.def Info: kap7.pdf , page9 used on input line 10.
(pdftex.def)             Requested size: 397.63678pt x 562.70618pt.
File: kap7.pdf Graphic file (type pdf)
<use kap7.pdf, page 9>
Package pdftex.def Info: kap7.pdf , page9 used on input line 10.
(pdftex.def)             Requested size: 397.63678pt x 562.70618pt.
<kap7.pdf, id=500, page=10, 597.23125pt x 845.1575pt>
File: kap7.pdf Graphic file (type pdf)
<use kap7.pdf, page 10>
Package pdftex.def Info: kap7.pdf , page10 used on input line 10.
(pdftex.def)             Requested size: 397.63678pt x 562.70618pt.
File: kap7.pdf Graphic file (type pdf)
<use kap7.pdf, page 10>
Package pdftex.def Info: kap7.pdf , page10 used on input line 10.
(pdftex.def)             Requested size: 397.63678pt x 562.70618pt.
File: kap7.pdf Graphic file (type pdf)
<use kap7.pdf, page 9>
Package pdftex.def Info: kap7.pdf , page9 used on input line 10.
(pdftex.def)             Requested size: 397.63678pt x 562.70618pt.
File: kap7.pdf Graphic file (type pdf)
<use kap7.pdf, page 10>
Package pdftex.def Info: kap7.pdf , page10 used on input line 10.
(pdftex.def)             Requested size: 397.63678pt x 562.70618pt.
 [32 <./kap7.pdf> <./kap7.pdf>]
<kap8.pdf, id=504, 597.23125pt x 845.1575pt>
File: kap8.pdf Graphic file (type pdf)
<use kap8.pdf>
Package pdftex.def Info: kap8.pdf  used on input line 11.
(pdftex.def)             Requested size: 597.22978pt x 845.15544pt.
File: kap8.pdf Graphic file (type pdf)
<use kap8.pdf>
Package pdftex.def Info: kap8.pdf  used on input line 11.
(pdftex.def)             Requested size: 597.22978pt x 845.15544pt.
<kap8.pdf, id=507, page=1, 597.23125pt x 845.1575pt>
File: kap8.pdf Graphic file (type pdf)
<use kap8.pdf, page 1>
Package pdftex.def Info: kap8.pdf , page1 used on input line 11.
(pdftex.def)             Requested size: 597.22978pt x 845.15544pt.
File: kap8.pdf Graphic file (type pdf)
<use kap8.pdf, page 1>
Package pdftex.def Info: kap8.pdf , page1 used on input line 11.
(pdftex.def)             Requested size: 397.63678pt x 562.70618pt.
File: kap8.pdf Graphic file (type pdf)
<use kap8.pdf, page 1>
Package pdftex.def Info: kap8.pdf , page1 used on input line 11.
(pdftex.def)             Requested size: 397.63678pt x 562.70618pt.
File: kap8.pdf Graphic file (type pdf)
<use kap8.pdf, page 1>
Package pdftex.def Info: kap8.pdf , page1 used on input line 11.
(pdftex.def)             Requested size: 397.63678pt x 562.70618pt.
<kap8.pdf, id=508, page=2, 597.23125pt x 845.1575pt>
File: kap8.pdf Graphic file (type pdf)
<use kap8.pdf, page 2>
Package pdftex.def Info: kap8.pdf , page2 used on input line 11.
(pdftex.def)             Requested size: 397.63678pt x 562.70618pt.
File: kap8.pdf Graphic file (type pdf)
<use kap8.pdf, page 2>
Package pdftex.def Info: kap8.pdf , page2 used on input line 11.
(pdftex.def)             Requested size: 397.63678pt x 562.70618pt.
File: kap8.pdf Graphic file (type pdf)
<use kap8.pdf, page 1>
Package pdftex.def Info: kap8.pdf , page1 used on input line 11.
(pdftex.def)             Requested size: 397.63678pt x 562.70618pt.
File: kap8.pdf Graphic file (type pdf)
<use kap8.pdf, page 2>
Package pdftex.def Info: kap8.pdf , page2 used on input line 11.
(pdftex.def)             Requested size: 397.63678pt x 562.70618pt.
 [33 <./kap8.pdf> <./kap8.pdf>]
<kap8.pdf, id=543, page=3, 597.23125pt x 845.1575pt>
File: kap8.pdf Graphic file (type pdf)
<use kap8.pdf, page 3>
Package pdftex.def Info: kap8.pdf , page3 used on input line 11.
(pdftex.def)             Requested size: 397.63678pt x 562.70618pt.
File: kap8.pdf Graphic file (type pdf)
<use kap8.pdf, page 3>
Package pdftex.def Info: kap8.pdf , page3 used on input line 11.
(pdftex.def)             Requested size: 397.63678pt x 562.70618pt.
<kap8.pdf, id=544, page=4, 597.23125pt x 845.1575pt>
File: kap8.pdf Graphic file (type pdf)
<use kap8.pdf, page 4>
Package pdftex.def Info: kap8.pdf , page4 used on input line 11.
(pdftex.def)             Requested size: 397.63678pt x 562.70618pt.
File: kap8.pdf Graphic file (type pdf)
<use kap8.pdf, page 4>
Package pdftex.def Info: kap8.pdf , page4 used on input line 11.
(pdftex.def)             Requested size: 397.63678pt x 562.70618pt.
File: kap8.pdf Graphic file (type pdf)
<use kap8.pdf, page 3>
Package pdftex.def Info: kap8.pdf , page3 used on input line 11.
(pdftex.def)             Requested size: 397.63678pt x 562.70618pt.
File: kap8.pdf Graphic file (type pdf)
<use kap8.pdf, page 4>
Package pdftex.def Info: kap8.pdf , page4 used on input line 11.
(pdftex.def)             Requested size: 397.63678pt x 562.70618pt.

[34 <./kap8.pdf> <./kap8.pdf>]
<kap8.pdf, id=551, page=5, 597.23125pt x 845.1575pt>
File: kap8.pdf Graphic file (type pdf)
<use kap8.pdf, page 5>
Package pdftex.def Info: kap8.pdf , page5 used on input line 11.
(pdftex.def)             Requested size: 397.63678pt x 562.70618pt.
File: kap8.pdf Graphic file (type pdf)
<use kap8.pdf, page 5>
Package pdftex.def Info: kap8.pdf , page5 used on input line 11.
(pdftex.def)             Requested size: 397.63678pt x 562.70618pt.
<kap8.pdf, id=552, page=6, 597.23125pt x 845.1575pt>
File: kap8.pdf Graphic file (type pdf)
<use kap8.pdf, page 6>
Package pdftex.def Info: kap8.pdf , page6 used on input line 11.
(pdftex.def)             Requested size: 397.63678pt x 562.70618pt.
File: kap8.pdf Graphic file (type pdf)
<use kap8.pdf, page 6>
Package pdftex.def Info: kap8.pdf , page6 used on input line 11.
(pdftex.def)             Requested size: 397.63678pt x 562.70618pt.
File: kap8.pdf Graphic file (type pdf)
<use kap8.pdf, page 5>
Package pdftex.def Info: kap8.pdf , page5 used on input line 11.
(pdftex.def)             Requested size: 397.63678pt x 562.70618pt.
File: kap8.pdf Graphic file (type pdf)
<use kap8.pdf, page 6>
Package pdftex.def Info: kap8.pdf , page6 used on input line 11.
(pdftex.def)             Requested size: 397.63678pt x 562.70618pt.
 [35 <./kap8.pdf> <./kap8.pdf>]
<kap8.pdf, id=556, page=7, 597.23125pt x 845.1575pt>
File: kap8.pdf Graphic file (type pdf)
<use kap8.pdf, page 7>
Package pdftex.def Info: kap8.pdf , page7 used on input line 11.
(pdftex.def)             Requested size: 397.63678pt x 562.70618pt.
File: kap8.pdf Graphic file (type pdf)
<use kap8.pdf, page 7>
Package pdftex.def Info: kap8.pdf , page7 used on input line 11.
(pdftex.def)             Requested size: 397.63678pt x 562.70618pt.
File: kap8.pdf Graphic file (type pdf)
<use kap8.pdf, page 1>
Package pdftex.def Info: kap8.pdf , page1 used on input line 11.
(pdftex.def)             Requested size: 397.63678pt x 562.70618pt.
File: kap8.pdf Graphic file (type pdf)
<use kap8.pdf, page 1>
Package pdftex.def Info: kap8.pdf , page1 used on input line 11.
(pdftex.def)             Requested size: 397.63678pt x 562.70618pt.
File: kap8.pdf Graphic file (type pdf)
<use kap8.pdf, page 7>
Package pdftex.def Info: kap8.pdf , page7 used on input line 11.
(pdftex.def)             Requested size: 397.63678pt x 562.70618pt.
 [36 <./kap8.pdf>]
<kap9.pdf, id=561, 597.23125pt x 845.1575pt>
File: kap9.pdf Graphic file (type pdf)
<use kap9.pdf>
Package pdftex.def Info: kap9.pdf  used on input line 12.
(pdftex.def)             Requested size: 597.22978pt x 845.15544pt.
File: kap9.pdf Graphic file (type pdf)
<use kap9.pdf>
Package pdftex.def Info: kap9.pdf  used on input line 12.
(pdftex.def)             Requested size: 597.22978pt x 845.15544pt.
<kap9.pdf, id=564, page=1, 597.23125pt x 845.1575pt>
File: kap9.pdf Graphic file (type pdf)
<use kap9.pdf, page 1>
Package pdftex.def Info: kap9.pdf , page1 used on input line 12.
(pdftex.def)             Requested size: 597.22978pt x 845.15544pt.
File: kap9.pdf Graphic file (type pdf)
<use kap9.pdf, page 1>
Package pdftex.def Info: kap9.pdf , page1 used on input line 12.
(pdftex.def)             Requested size: 397.63678pt x 562.70618pt.
File: kap9.pdf Graphic file (type pdf)
<use kap9.pdf, page 1>
Package pdftex.def Info: kap9.pdf , page1 used on input line 12.
(pdftex.def)             Requested size: 397.63678pt x 562.70618pt.
File: kap9.pdf Graphic file (type pdf)
<use kap9.pdf, page 1>
Package pdftex.def Info: kap9.pdf , page1 used on input line 12.
(pdftex.def)             Requested size: 397.63678pt x 562.70618pt.
<kap9.pdf, id=565, page=2, 597.23125pt x 845.1575pt>
File: kap9.pdf Graphic file (type pdf)
<use kap9.pdf, page 2>
Package pdftex.def Info: kap9.pdf , page2 used on input line 12.
(pdftex.def)             Requested size: 397.63678pt x 562.70618pt.
File: kap9.pdf Graphic file (type pdf)
<use kap9.pdf, page 2>
Package pdftex.def Info: kap9.pdf , page2 used on input line 12.
(pdftex.def)             Requested size: 397.63678pt x 562.70618pt.
File: kap9.pdf Graphic file (type pdf)
<use kap9.pdf, page 1>
Package pdftex.def Info: kap9.pdf , page1 used on input line 12.
(pdftex.def)             Requested size: 397.63678pt x 562.70618pt.
File: kap9.pdf Graphic file (type pdf)
<use kap9.pdf, page 2>
Package pdftex.def Info: kap9.pdf , page2 used on input line 12.
(pdftex.def)             Requested size: 397.63678pt x 562.70618pt.
[37 <./kap9.pdf> <./kap9.pdf>]
<kap9.pdf, id=602, page=3, 597.23125pt x 845.1575pt>
File: kap9.pdf Graphic file (type pdf)
<use kap9.pdf, page 3>
Package pdftex.def Info: kap9.pdf , page3 used on input line 12.
(pdftex.def)             Requested size: 397.63678pt x 562.70618pt.
File: kap9.pdf Graphic file (type pdf)
<use kap9.pdf, page 3>
Package pdftex.def Info: kap9.pdf , page3 used on input line 12.
(pdftex.def)             Requested size: 397.63678pt x 562.70618pt.
<kap9.pdf, id=603, page=4, 597.23125pt x 845.1575pt>
File: kap9.pdf Graphic file (type pdf)
<use kap9.pdf, page 4>
Package pdftex.def Info: kap9.pdf , page4 used on input line 12.
(pdftex.def)             Requested size: 397.63678pt x 562.70618pt.
File: kap9.pdf Graphic file (type pdf)
<use kap9.pdf, page 4>
Package pdftex.def Info: kap9.pdf , page4 used on input line 12.
(pdftex.def)             Requested size: 397.63678pt x 562.70618pt.
File: kap9.pdf Graphic file (type pdf)
<use kap9.pdf, page 3>
Package pdftex.def Info: kap9.pdf , page3 used on input line 12.
(pdftex.def)             Requested size: 397.63678pt x 562.70618pt.
File: kap9.pdf Graphic file (type pdf)
<use kap9.pdf, page 4>
Package pdftex.def Info: kap9.pdf , page4 used on input line 12.
(pdftex.def)             Requested size: 397.63678pt x 562.70618pt.
 [38 <./kap9.pdf> <./kap9.pdf>]
<kap10.pdf, id=611, 597.23125pt x 845.1575pt>
File: kap10.pdf Graphic file (type pdf)
<use kap10.pdf>
Package pdftex.def Info: kap10.pdf  used on input line 13.
(pdftex.def)             Requested size: 597.22978pt x 845.15544pt.
File: kap10.pdf Graphic file (type pdf)
<use kap10.pdf>
Package pdftex.def Info: kap10.pdf  used on input line 13.
(pdftex.def)             Requested size: 597.22978pt x 845.15544pt.
<kap10.pdf, id=614, page=1, 597.23125pt x 845.1575pt>
File: kap10.pdf Graphic file (type pdf)
<use kap10.pdf, page 1>
Package pdftex.def Info: kap10.pdf , page1 used on input line 13.
(pdftex.def)             Requested size: 597.22978pt x 845.15544pt.
File: kap10.pdf Graphic file (type pdf)
<use kap10.pdf, page 1>
Package pdftex.def Info: kap10.pdf , page1 used on input line 13.
(pdftex.def)             Requested size: 397.63678pt x 562.70618pt.
File: kap10.pdf Graphic file (type pdf)
<use kap10.pdf, page 1>
Package pdftex.def Info: kap10.pdf , page1 used on input line 13.
(pdftex.def)             Requested size: 397.63678pt x 562.70618pt.
File: kap10.pdf Graphic file (type pdf)
<use kap10.pdf, page 1>
Package pdftex.def Info: kap10.pdf , page1 used on input line 13.
(pdftex.def)             Requested size: 397.63678pt x 562.70618pt.
<kap10.pdf, id=615, page=2, 597.23125pt x 845.1575pt>
File: kap10.pdf Graphic file (type pdf)
<use kap10.pdf, page 2>
Package pdftex.def Info: kap10.pdf , page2 used on input line 13.
(pdftex.def)             Requested size: 397.63678pt x 562.70618pt.
File: kap10.pdf Graphic file (type pdf)
<use kap10.pdf, page 2>
Package pdftex.def Info: kap10.pdf , page2 used on input line 13.
(pdftex.def)             Requested size: 397.63678pt x 562.70618pt.
File: kap10.pdf Graphic file (type pdf)
<use kap10.pdf, page 1>
Package pdftex.def Info: kap10.pdf , page1 used on input line 13.
(pdftex.def)             Requested size: 397.63678pt x 562.70618pt.
File: kap10.pdf Graphic file (type pdf)
<use kap10.pdf, page 2>
Package pdftex.def Info: kap10.pdf , page2 used on input line 13.
(pdftex.def)             Requested size: 397.63678pt x 562.70618pt.
 [39 <./kap10.pdf> <./kap10.pdf>]
<kap10.pdf, id=656, page=3, 597.23125pt x 845.1575pt>
File: kap10.pdf Graphic file (type pdf)
<use kap10.pdf, page 3>
Package pdftex.def Info: kap10.pdf , page3 used on input line 13.
(pdftex.def)             Requested size: 397.63678pt x 562.70618pt.
File: kap10.pdf Graphic file (type pdf)
<use kap10.pdf, page 3>
Package pdftex.def Info: kap10.pdf , page3 used on input line 13.
(pdftex.def)             Requested size: 397.63678pt x 562.70618pt.
<kap10.pdf, id=657, page=4, 597.23125pt x 845.1575pt>
File: kap10.pdf Graphic file (type pdf)
<use kap10.pdf, page 4>
Package pdftex.def Info: kap10.pdf , page4 used on input line 13.
(pdftex.def)             Requested size: 397.63678pt x 562.70618pt.
File: kap10.pdf Graphic file (type pdf)
<use kap10.pdf, page 4>
Package pdftex.def Info: kap10.pdf , page4 used on input line 13.
(pdftex.def)             Requested size: 397.63678pt x 562.70618pt.
File: kap10.pdf Graphic file (type pdf)
<use kap10.pdf, page 3>
Package pdftex.def Info: kap10.pdf , page3 used on input line 13.
(pdftex.def)             Requested size: 397.63678pt x 562.70618pt.
File: kap10.pdf Graphic file (type pdf)
<use kap10.pdf, page 4>
Package pdftex.def Info: kap10.pdf , page4 used on input line 13.
(pdftex.def)             Requested size: 397.63678pt x 562.70618pt.
 [40 <./kap10.pdf> <./kap10.pdf>]
<kap10.pdf, id=665, page=5, 597.23125pt x 845.1575pt>
File: kap10.pdf Graphic file (type pdf)
<use kap10.pdf, page 5>
Package pdftex.def Info: kap10.pdf , page5 used on input line 13.
(pdftex.def)             Requested size: 397.63678pt x 562.70618pt.
File: kap10.pdf Graphic file (type pdf)
<use kap10.pdf, page 5>
Package pdftex.def Info: kap10.pdf , page5 used on input line 13.
(pdftex.def)             Requested size: 397.63678pt x 562.70618pt.
<kap10.pdf, id=666, page=6, 597.23125pt x 845.1575pt>
File: kap10.pdf Graphic file (type pdf)
<use kap10.pdf, page 6>
Package pdftex.def Info: kap10.pdf , page6 used on input line 13.
(pdftex.def)             Requested size: 397.63678pt x 562.70618pt.
File: kap10.pdf Graphic file (type pdf)
<use kap10.pdf, page 6>
Package pdftex.def Info: kap10.pdf , page6 used on input line 13.
(pdftex.def)             Requested size: 397.63678pt x 562.70618pt.
File: kap10.pdf Graphic file (type pdf)
<use kap10.pdf, page 5>
Package pdftex.def Info: kap10.pdf , page5 used on input line 13.
(pdftex.def)             Requested size: 397.63678pt x 562.70618pt.
File: kap10.pdf Graphic file (type pdf)
<use kap10.pdf, page 6>
Package pdftex.def Info: kap10.pdf , page6 used on input line 13.
(pdftex.def)             Requested size: 397.63678pt x 562.70618pt.
 [41 <./kap10.pdf> <./kap10.pdf>]
<kap10.pdf, id=670, page=7, 597.23125pt x 845.1575pt>
File: kap10.pdf Graphic file (type pdf)
<use kap10.pdf, page 7>
Package pdftex.def Info: kap10.pdf , page7 used on input line 13.
(pdftex.def)             Requested size: 397.63678pt x 562.70618pt.
File: kap10.pdf Graphic file (type pdf)
<use kap10.pdf, page 7>
Package pdftex.def Info: kap10.pdf , page7 used on input line 13.
(pdftex.def)             Requested size: 397.63678pt x 562.70618pt.
<kap10.pdf, id=671, page=8, 597.23125pt x 845.1575pt>
File: kap10.pdf Graphic file (type pdf)
<use kap10.pdf, page 8>
Package pdftex.def Info: kap10.pdf , page8 used on input line 13.
(pdftex.def)             Requested size: 397.63678pt x 562.70618pt.
File: kap10.pdf Graphic file (type pdf)
<use kap10.pdf, page 8>
Package pdftex.def Info: kap10.pdf , page8 used on input line 13.
(pdftex.def)             Requested size: 397.63678pt x 562.70618pt.
File: kap10.pdf Graphic file (type pdf)
<use kap10.pdf, page 7>
Package pdftex.def Info: kap10.pdf , page7 used on input line 13.
(pdftex.def)             Requested size: 397.63678pt x 562.70618pt.
File: kap10.pdf Graphic file (type pdf)
<use kap10.pdf, page 8>
Package pdftex.def Info: kap10.pdf , page8 used on input line 13.
(pdftex.def)             Requested size: 397.63678pt x 562.70618pt.
 [42 <./kap10.pdf> <./kap10.pdf>]
<kap10.pdf, id=675, page=9, 597.23125pt x 845.1575pt>
File: kap10.pdf Graphic file (type pdf)
<use kap10.pdf, page 9>
Package pdftex.def Info: kap10.pdf , page9 used on input line 13.
(pdftex.def)             Requested size: 397.63678pt x 562.70618pt.
File: kap10.pdf Graphic file (type pdf)
<use kap10.pdf, page 9>
Package pdftex.def Info: kap10.pdf , page9 used on input line 13.
(pdftex.def)             Requested size: 397.63678pt x 562.70618pt.
File: kap10.pdf Graphic file (type pdf)
<use kap10.pdf, page 1>
Package pdftex.def Info: kap10.pdf , page1 used on input line 13.
(pdftex.def)             Requested size: 397.63678pt x 562.70618pt.
File: kap10.pdf Graphic file (type pdf)
<use kap10.pdf, page 1>
Package pdftex.def Info: kap10.pdf , page1 used on input line 13.
(pdftex.def)             Requested size: 397.63678pt x 562.70618pt.
File: kap10.pdf Graphic file (type pdf)
<use kap10.pdf, page 9>
Package pdftex.def Info: kap10.pdf , page9 used on input line 13.
(pdftex.def)             Requested size: 397.63678pt x 562.70618pt.
 [43 <./kap10.pdf>] (./komplett.aux) ) 
Here is how much of TeX's memory you used:
 3024 strings out of 492639
 45746 string characters out of 6135497
 108109 words of memory out of 5000000
 6875 multiletter control sequences out of 15000+600000
 3640 words of font info for 14 fonts, out of 8000000 for 9000
 1141 hyphenation exceptions out of 8191
 41i,18n,46p,275b,430s stack positions out of 5000i,500n,10000p,200000b,80000s
</usr/share/texmf-dist/fonts/type1/public
/amsfonts/cm/cmbx10.pfb></usr/share/texmf-dist/fonts/type1/public/amsfonts/cm/c
mbx12.pfb></usr/share/texmf-dist/fonts/type1/public/amsfonts/cm/cmex10.pfb></us
r/share/texmf-dist/fonts/type1/public/amsfonts/cm/cmmi10.pfb></usr/share/texmf-
dist/fonts/type1/public/amsfonts/cm/cmmi6.pfb></usr/share/texmf-dist/fonts/type
1/public/amsfonts/cm/cmmi8.pfb></usr/share/texmf-dist/fonts/type1/public/amsfon
ts/cm/cmr10.pfb></usr/share/texmf-dist/fonts/type1/public/amsfonts/cm/cmr6.pfb>
</usr/share/texmf-dist/fonts/type1/public/amsfonts/cm/cmr8.pfb></usr/share/texm
f-dist/fonts/type1/public/amsfonts/cm/cmsy10.pfb></usr/share/texmf-dist/fonts/t
ype1/public/amsfonts/cm/cmsy6.pfb></usr/share/texmf-dist/fonts/type1/public/ams
fonts/cm/cmsy8.pfb></usr/share/texmf-dist/fonts/type1/public/amsfonts/cm/cmti10
.pfb></usr/share/texmf-dist/fonts/type1/public/amsfonts/cm/cmtt10.pfb>
Output written on komplett.pdf (43 pages, 915730 bytes).
PDF statistics:
 700 PDF objects out of 1000 (max. 8388607)
 416 compressed objects within 5 object streams
 0 named destinations out of 1000 (max. 500000)
 561 words of extra memory for PDF output out of 10000 (max. 10000000)

